2023-12-26 19:26:51,070 [INFO] Activator:176 - 


2023-12-26 19:26:51,072 [INFO] Activator:177 - !SESSION log4j initialized
2023-12-26 19:26:52,543 [INFO] LogOutputStream:77 - [STDOUT_REDIRECT] 
2023-12-26 19:26:53,844 [INFO] ApplicationProperties:184 - Using Application install path: /home/baramee/st/stm32cubeide_1.14.0/plugins/com.st.stm32cube.common.mx_6.10.0.202311202037
2023-12-26 19:26:53,861 [INFO] DbMcusXml:78 - Set database path to: /home/baramee/st/stm32cubeide_1.14.0/plugins/com.st.stm32cube.common.mx_6.10.0.202311202037//db//mcu/
2023-12-26 19:26:53,862 [INFO] ApiDb:274 - Set plugin database path to: /home/baramee/st/stm32cubeide_1.14.0/plugins/com.st.stm32cube.common.mx_6.10.0.202311202037//db//plugins/boardmanager/
2023-12-26 19:26:53,862 [WARN] ApiDb:259 - Overriding images path with different value:  => /home/baramee/st/stm32cubeide_1.14.0/plugins/com.st.stm32cube.common.mx_6.10.0.202311202037//db//plugins/mcufinder/images/
2023-12-26 19:26:53,865 [INFO] ApiDb:250 - Set database path to: /home/baramee/.stmcufinder/plugins/mcufinder//mcu/
2023-12-26 19:26:53,867 [INFO] DbMcusAds:125 - Set database path to: /home/baramee/.stmcufinder/plugins/mcufinder//mcu/
2023-12-26 19:26:53,869 [INFO] CrossReferenceDbSqlite:203 - Set database path to: /home/baramee/.stmcufinder/plugins/mcufinder//mcu/cs/
2023-12-26 19:26:53,987 [INFO] RulesReader:64 - Compatibility file has been processed (297 Rules)
2023-12-26 19:26:54,038 [INFO] DbMcusXml:78 - Set database path to: /home/baramee/st/stm32cubeide_1.14.0/plugins/com.st.stm32cube.common.mx_6.10.0.202311202037//db//mcu/
2023-12-26 19:26:54,039 [INFO] ApiDb:274 - Set plugin database path to: /home/baramee/st/stm32cubeide_1.14.0/plugins/com.st.stm32cube.common.mx_6.10.0.202311202037//db//plugins/boardmanager/
2023-12-26 19:26:54,039 [INFO] ApiDb:261 - Set plugin images path to: /home/baramee/st/stm32cubeide_1.14.0/plugins/com.st.stm32cube.common.mx_6.10.0.202311202037//db//plugins/mcufinder/images/
2023-12-26 19:26:54,039 [WARN] DbFile:41 - Overriding database path with different value: /home/baramee/.stmcufinder/plugins/mcufinder/ => /home/baramee/.stmcufinder/plugins/mcufinder
2023-12-26 19:26:54,039 [INFO] ApiDb:250 - Set database path to: /home/baramee/.stmcufinder/plugins/mcufinder//mcu/
2023-12-26 19:26:54,039 [WARN] DbFile:41 - Overriding database path with different value: /home/baramee/.stmcufinder/plugins/mcufinder/ => /home/baramee/.stmcufinder/plugins/mcufinder
2023-12-26 19:26:54,039 [INFO] DbMcusAds:125 - Set database path to: /home/baramee/.stmcufinder/plugins/mcufinder//mcu/
2023-12-26 19:26:54,039 [WARN] DbFile:41 - Overriding database path with different value: /home/baramee/.stmcufinder/plugins/mcufinder/ => /home/baramee/.stmcufinder/plugins/mcufinder
2023-12-26 19:26:54,040 [WARN] DbFile:41 - Overriding database path with different value: /home/baramee/.stmcufinder/plugins/mcufinder/ => /home/baramee/.stmcufinder/plugins/mcufinder
2023-12-26 19:26:54,040 [INFO] CrossReferenceDbSqlite:203 - Set database path to: /home/baramee/.stmcufinder/plugins/mcufinder//mcu/cs/
2023-12-26 19:26:54,103 [INFO] MainPanel:264 - HeapMemory: 268435456
2023-12-26 19:26:54,167 [INFO] DbMcusXml:78 - Set database path to: /home/baramee/st/stm32cubeide_1.14.0/plugins/com.st.stm32cube.common.mx_6.10.0.202311202037//db//mcu/
2023-12-26 19:26:54,167 [INFO] ApiDb:274 - Set plugin database path to: /home/baramee/st/stm32cubeide_1.14.0/plugins/com.st.stm32cube.common.mx_6.10.0.202311202037//db//plugins/boardmanager/
2023-12-26 19:26:54,167 [INFO] ApiDb:261 - Set plugin images path to: /home/baramee/st/stm32cubeide_1.14.0/plugins/com.st.stm32cube.common.mx_6.10.0.202311202037//db//plugins/mcufinder/images/
2023-12-26 19:26:54,168 [WARN] DbFile:41 - Overriding database path with different value: /home/baramee/.stmcufinder/plugins/mcufinder/ => /home/baramee/.stmcufinder/plugins/mcufinder
2023-12-26 19:26:54,168 [INFO] ApiDb:250 - Set database path to: /home/baramee/.stmcufinder/plugins/mcufinder//mcu/
2023-12-26 19:26:54,168 [WARN] DbFile:41 - Overriding database path with different value: /home/baramee/.stmcufinder/plugins/mcufinder/ => /home/baramee/.stmcufinder/plugins/mcufinder
2023-12-26 19:26:54,168 [INFO] DbMcusAds:125 - Set database path to: /home/baramee/.stmcufinder/plugins/mcufinder//mcu/
2023-12-26 19:26:54,168 [WARN] DbFile:41 - Overriding database path with different value: /home/baramee/.stmcufinder/plugins/mcufinder/ => /home/baramee/.stmcufinder/plugins/mcufinder
2023-12-26 19:26:54,168 [WARN] DbFile:41 - Overriding database path with different value: /home/baramee/.stmcufinder/plugins/mcufinder/ => /home/baramee/.stmcufinder/plugins/mcufinder
2023-12-26 19:26:54,168 [INFO] CrossReferenceDbSqlite:203 - Set database path to: /home/baramee/.stmcufinder/plugins/mcufinder//mcu/cs/
2023-12-26 19:26:54,180 [INFO] ApplicationProperties:184 - Using Application install path: /home/baramee/st/stm32cubeide_1.14.0/plugins/com.st.stm32cube.common.mx_6.10.0.202311202037
2023-12-26 19:26:54,181 [INFO] PluginManage:196 - Search for loadable plugins [exclusion list=, ]
2023-12-26 19:26:54,182 [INFO] PluginManage:310 - Check plugin analytics
2023-12-26 19:26:54,309 [INFO] AnalyticsPlugin:253 - Accepted Software Licenses: 
2023-12-26 19:26:54,310 [INFO] AnalyticsPlugin:255 - Accepted CMSIS Pack Licenses: 
2023-12-26 19:26:54,310 [INFO] AnalyticsPlugin:257 - Accepted Firmware Licenses: FW.L4.1.18.0
2023-12-26 19:26:54,312 [INFO] PluginManage:359 - Loaded plugin analytics (category:tool,tabindex:-1)
2023-12-26 19:26:54,312 [INFO] PluginManage:310 - Check plugin cadmodel
2023-12-26 19:26:54,331 [INFO] CADModel:105 - Init CAD model plugin
2023-12-26 19:26:54,332 [INFO] PluginManage:359 - Loaded plugin cadmodel (category:power,tabindex:5)
2023-12-26 19:26:54,332 [INFO] PluginManage:310 - Check plugin clock
2023-12-26 19:26:54,340 [INFO] PluginManage:359 - Loaded plugin clock (category:base,tabindex:2)
2023-12-26 19:26:54,340 [INFO] PluginManage:310 - Check plugin ddr
2023-12-26 19:26:54,341 [INFO] PluginManage:359 - Loaded plugin ddr (category:tool,tabindex:6)
2023-12-26 19:26:54,341 [INFO] PluginManage:310 - Check plugin filemanager
2023-12-26 19:26:54,455 [INFO] PluginManage:359 - Loaded plugin filemanager (category:base,tabindex:10)
2023-12-26 19:26:54,455 [INFO] PluginManage:310 - Check plugin ipmanager
2023-12-26 19:26:54,458 [INFO] PluginManage:359 - Loaded plugin ipmanager (category:base,tabindex:5)
2023-12-26 19:26:54,458 [INFO] PluginManage:310 - Check plugin lpbam
2023-12-26 19:26:54,466 [INFO] PluginManage:359 - Loaded plugin lpbam (category:base,tabindex:0)
2023-12-26 19:26:54,466 [INFO] PluginManage:310 - Check plugin memorymap
2023-12-26 19:26:54,476 [INFO] PluginManage:359 - Loaded plugin memorymap (category:base,tabindex:4)
2023-12-26 19:26:54,476 [INFO] PluginManage:310 - Check plugin pinoutandconfiguration
2023-12-26 19:26:54,483 [INFO] PluginManage:359 - Loaded plugin pinoutandconfiguration (category:base,tabindex:1)
2023-12-26 19:26:54,483 [INFO] PluginManage:310 - Check plugin pinoutconfig
2023-12-26 19:26:54,563 [WARN] SupportedApi:132 - Cannot load RTOS API schema: s4s-elt-must-match.1: The content of 'definitions' must match (annotation?, (simpleType | complexType)?, (unique | key | keyref)*)). A problem was found starting at: attribute.
2023-12-26 19:26:54,684 [INFO] PluginManage:359 - Loaded plugin pinoutconfig (category:base,tabindex:0)
2023-12-26 19:26:54,684 [INFO] PluginManage:310 - Check plugin power
2023-12-26 19:26:54,697 [INFO] PluginManage:359 - Loaded plugin power (category:power,tabindex:4)
2023-12-26 19:26:54,697 [INFO] PluginManage:310 - Check plugin projectmanager
2023-12-26 19:26:54,717 [INFO] PluginManage:359 - Loaded plugin projectmanager (category:projectmanager,tabindex:3)
2023-12-26 19:26:54,718 [INFO] PluginManage:310 - Check plugin thirdparty
2023-12-26 19:26:54,836 [INFO] PluginManage:359 - Loaded plugin thirdparty (category:base,tabindex:-1)
2023-12-26 19:26:54,836 [INFO] PluginManage:310 - Check plugin tools
2023-12-26 19:26:54,837 [WARN] IntegrityCheckThread:84 - waiting for thirdparty lock release [integrity check]
2023-12-26 19:26:54,837 [INFO] IntegrityCheckThread:86 - entering critical section [integrity check]
2023-12-26 19:26:54,838 [INFO] ThirdPartyUpdaterWithRetryManager:70 - Updater plugin not ready yet. [1/15]
2023-12-26 19:26:54,839 [INFO] PluginManage:359 - Loaded plugin tools (category:base,tabindex:7)
2023-12-26 19:26:54,839 [INFO] PluginManage:310 - Check plugin tutovideos
2023-12-26 19:26:54,975 [INFO] PluginManage:359 - Loaded plugin tutovideos (category:base,tabindex:-1)
2023-12-26 19:26:54,976 [INFO] PluginManage:310 - Check plugin updater
2023-12-26 19:26:54,983 [INFO] PluginManage:359 - Loaded plugin updater (category:base,tabindex:12)
2023-12-26 19:26:54,983 [INFO] PluginManage:310 - Check plugin userauth
2023-12-26 19:26:54,987 [INFO] UserAuth:114 - Init User Auth plugin
2023-12-26 19:26:54,987 [INFO] PluginManage:359 - Loaded plugin userauth (category:base,tabindex:14)
2023-12-26 19:26:54,987 [INFO] PluginManage:283 - PluginManage : Loaded plugins [17]
2023-12-26 19:26:55,168 [INFO] PinOutPanel:1499 - setPackage(No Configuration,No Configuration)
2023-12-26 19:26:55,215 [INFO] CADModel:165 - CPN selected for project level
2023-12-26 19:26:55,215 [INFO] CADModel:114 - Register for checkConnection events
2023-12-26 19:26:55,221 [INFO] IPUIPlugin:80 - create IPUIPlugin
2023-12-26 19:26:55,222 [INFO] PluginManager:220 - loadIPPluginJar : add quadspi
2023-12-26 19:26:55,226 [INFO] IPUIPlugin:80 - create IPUIPlugin
2023-12-26 19:26:55,226 [INFO] PluginManager:220 - loadIPPluginJar : add lorawan
2023-12-26 19:26:55,229 [INFO] IPUIPlugin:80 - create IPUIPlugin
2023-12-26 19:26:55,229 [INFO] PluginManager:220 - loadIPPluginJar : add i3c
2023-12-26 19:26:55,230 [INFO] IPUIPlugin:80 - create IPUIPlugin
2023-12-26 19:26:55,230 [INFO] PluginManager:220 - loadIPPluginJar : add dfsdm
2023-12-26 19:26:55,235 [INFO] IPUIPlugin:80 - create IPUIPlugin
2023-12-26 19:26:55,235 [INFO] PluginManager:220 - loadIPPluginJar : add stm32_wpan
2023-12-26 19:26:55,238 [INFO] IPUIPlugin:80 - create IPUIPlugin
2023-12-26 19:26:55,238 [INFO] PluginManager:220 - loadIPPluginJar : add gpio
2023-12-26 19:26:55,240 [INFO] IPUIPlugin:80 - create IPUIPlugin
2023-12-26 19:26:55,240 [INFO] PluginManager:220 - loadIPPluginJar : add fatfs
2023-12-26 19:26:55,241 [INFO] IPUIPlugin:80 - create IPUIPlugin
2023-12-26 19:26:55,241 [INFO] PluginManager:220 - loadIPPluginJar : add genericplugin
2023-12-26 19:26:55,245 [INFO] IPUIPlugin:80 - create IPUIPlugin
2023-12-26 19:26:55,245 [INFO] PluginManager:220 - loadIPPluginJar : add freertos
2023-12-26 19:26:55,247 [INFO] IPUIPlugin:80 - create IPUIPlugin
2023-12-26 19:26:55,247 [INFO] PluginManager:220 - loadIPPluginJar : add gtzc
2023-12-26 19:26:55,248 [INFO] IPUIPlugin:80 - create IPUIPlugin
2023-12-26 19:26:55,248 [INFO] PluginManager:220 - loadIPPluginJar : add hash
2023-12-26 19:26:55,250 [INFO] IPUIPlugin:80 - create IPUIPlugin
2023-12-26 19:26:55,250 [INFO] PluginManager:220 - loadIPPluginJar : add gfxmmu
2023-12-26 19:26:55,255 [INFO] IPUIPlugin:80 - create IPUIPlugin
2023-12-26 19:26:55,256 [INFO] PluginManager:220 - loadIPPluginJar : add linkedlist
2023-12-26 19:26:55,258 [INFO] IPUIPlugin:80 - create IPUIPlugin
2023-12-26 19:26:55,258 [INFO] PluginManager:220 - loadIPPluginJar : add dma3
2023-12-26 19:26:55,259 [INFO] IPUIPlugin:80 - create IPUIPlugin
2023-12-26 19:26:55,259 [INFO] PluginManager:220 - loadIPPluginJar : add i2c
2023-12-26 19:26:55,260 [INFO] IPUIPlugin:80 - create IPUIPlugin
2023-12-26 19:26:55,260 [INFO] PluginManager:220 - loadIPPluginJar : add i2s
2023-12-26 19:26:55,261 [INFO] IPUIPlugin:80 - create IPUIPlugin
2023-12-26 19:26:55,262 [INFO] PluginManager:220 - loadIPPluginJar : add can
2023-12-26 19:26:55,264 [INFO] IPUIPlugin:80 - create IPUIPlugin
2023-12-26 19:26:55,264 [INFO] PluginManager:220 - loadIPPluginJar : add nvic
2023-12-26 19:26:55,265 [INFO] IPUIPlugin:80 - create IPUIPlugin
2023-12-26 19:26:55,265 [INFO] PluginManager:220 - loadIPPluginJar : add usart
2023-12-26 19:26:55,267 [INFO] IPUIPlugin:80 - create IPUIPlugin
2023-12-26 19:26:55,267 [INFO] PluginManager:220 - loadIPPluginJar : add usbx
2023-12-26 19:26:55,272 [INFO] IPUIPlugin:80 - create IPUIPlugin
2023-12-26 19:26:55,272 [INFO] PluginManager:220 - loadIPPluginJar : add dma
2023-12-26 19:26:55,273 [INFO] IPUIPlugin:80 - create IPUIPlugin
2023-12-26 19:26:55,273 [INFO] PluginManager:220 - loadIPPluginJar : add tsc
2023-12-26 19:26:55,275 [INFO] IPUIPlugin:80 - create IPUIPlugin
2023-12-26 19:26:55,275 [INFO] PluginManager:220 - loadIPPluginJar : add opamp
2023-12-26 19:26:55,277 [INFO] IPUIPlugin:80 - create IPUIPlugin
2023-12-26 19:26:55,278 [INFO] PluginManager:220 - loadIPPluginJar : add openamp
2023-12-26 19:26:55,279 [INFO] IPUIPlugin:80 - create IPUIPlugin
2023-12-26 19:26:55,279 [INFO] PluginManager:220 - loadIPPluginJar : add comp
2023-12-26 19:26:55,281 [INFO] IPUIPlugin:80 - create IPUIPlugin
2023-12-26 19:26:55,281 [INFO] PluginManager:220 - loadIPPluginJar : add touchsensing
2023-12-26 19:26:55,285 [INFO] IPUIPlugin:80 - create IPUIPlugin
2023-12-26 19:26:55,285 [INFO] PluginManager:220 - loadIPPluginJar : add adc
2023-12-26 19:26:55,287 [INFO] IPUIPlugin:80 - create IPUIPlugin
2023-12-26 19:26:55,288 [INFO] PluginManager:220 - loadIPPluginJar : add ipddr
2023-12-26 19:26:55,289 [INFO] IPUIPlugin:80 - create IPUIPlugin
2023-12-26 19:26:55,289 [INFO] PluginManager:220 - loadIPPluginJar : add aes
2023-12-26 19:26:55,290 [INFO] IPUIPlugin:80 - create IPUIPlugin
2023-12-26 19:26:55,290 [INFO] PluginManager:220 - loadIPPluginJar : add tracer_emb
2023-12-26 19:26:55,292 [INFO] IPUIPlugin:80 - create IPUIPlugin
2023-12-26 19:26:55,292 [INFO] PluginManager:220 - loadIPPluginJar : add cryp
2023-12-26 19:26:55,296 [INFO] IPUIPlugin:80 - create IPUIPlugin
2023-12-26 19:26:55,298 [INFO] PluginManager:220 - loadIPPluginJar : add plateformsettings
2023-12-26 19:26:55,302 [INFO] IPUIPlugin:80 - create IPUIPlugin
2023-12-26 19:26:55,302 [INFO] PluginManager:220 - loadIPPluginJar : add mdma
2023-12-26 19:26:55,303 [INFO] IPUIPlugin:80 - create IPUIPlugin
2023-12-26 19:26:55,303 [INFO] PluginManager:220 - loadIPPluginJar : add spi
2023-12-26 19:26:55,305 [INFO] IPUIPlugin:80 - create IPUIPlugin
2023-12-26 19:26:55,305 [INFO] PluginManager:220 - loadIPPluginJar : add resmgrutility
2023-12-26 19:26:55,307 [INFO] IPUIPlugin:80 - create IPUIPlugin
2023-12-26 19:26:55,307 [INFO] PluginManager:220 - loadIPPluginJar : add tim
2023-12-26 19:26:55,309 [INFO] IPUIPlugin:80 - create IPUIPlugin
2023-12-26 19:26:55,309 [INFO] PluginManager:220 - loadIPPluginJar : add pdm2pcm
2023-12-26 19:26:55,310 [INFO] IPUIPlugin:80 - create IPUIPlugin
2023-12-26 19:26:55,310 [INFO] PluginManager:220 - loadIPPluginJar : add ts
2023-12-26 19:26:55,313 [INFO] IPUIPlugin:80 - create IPUIPlugin
2023-12-26 19:26:55,313 [INFO] PluginManager:220 - loadIPPluginJar : add fmc
2023-12-26 19:26:55,317 [INFO] IPUIPlugin:80 - create IPUIPlugin
2023-12-26 19:26:55,317 [INFO] PluginManager:220 - loadIPPluginJar : add gic
2023-12-26 19:26:55,317 [INFO] IPUIPlugin:80 - create IPUIPlugin
2023-12-26 19:26:55,318 [INFO] PluginManager:220 - loadIPPluginJar : add ltdc
2023-12-26 19:26:55,318 [INFO] IPUIPlugin:80 - create IPUIPlugin
2023-12-26 19:26:55,319 [INFO] PluginManager:220 - loadIPPluginJar : add ucpd
2023-12-26 19:26:55,321 [INFO] IPUIPlugin:80 - create IPUIPlugin
2023-12-26 19:26:55,321 [INFO] PluginManager:220 - loadIPPluginJar : add sai
2023-12-26 19:26:55,421 [INFO] CADModel:165 - CPN selected for project level
2023-12-26 19:26:55,421 [INFO] CADModel:114 - Register for checkConnection events
2023-12-26 19:26:55,421 [FATAL] Updater:308 - Updater called before beeing initialized
2023-12-26 19:26:55,421 [ERROR] CADModel:125 - Updater not yet initialized, retry later 
2023-12-26 19:26:55,521 [INFO] CADModel:165 - CPN selected for project level
2023-12-26 19:26:55,521 [INFO] CADModel:114 - Register for checkConnection events
2023-12-26 19:26:55,521 [FATAL] Updater:308 - Updater called before beeing initialized
2023-12-26 19:26:55,521 [ERROR] CADModel:125 - Updater not yet initialized, retry later 
2023-12-26 19:26:55,525 [FATAL] Updater:308 - Updater called before beeing initialized
2023-12-26 19:26:55,598 [FATAL] Updater:308 - Updater called before beeing initialized
2023-12-26 19:26:55,602 [INFO] DbMcusAds:53 - JSON generation date=Wed Nov 29 17:52:38 ICT 2023 (1701255158764)
2023-12-26 19:26:55,602 [FATAL] Updater:308 - Updater called before beeing initialized
2023-12-26 19:26:55,635 [WARN] DetailPanel:346 - Failed to get advertising image, set to default
2023-12-26 19:26:55,717 [FATAL] Updater:308 - Updater called before beeing initialized
2023-12-26 19:26:55,718 [FATAL] Updater:308 - Updater called before beeing initialized
2023-12-26 19:26:55,718 [FATAL] Updater:308 - Updater called before beeing initialized
2023-12-26 19:26:55,718 [WARN] DetailPanel:346 - Failed to get advertising image, set to default
2023-12-26 19:26:55,719 [FATAL] Updater:308 - Updater called before beeing initialized
2023-12-26 19:26:55,743 [ERROR] Updater:1120 - MainUpdater not yet initialized. External WinMGr cannot be set.
2023-12-26 19:26:55,745 [INFO] Updater:1056 - Updater Version found : 6.10.0
2023-12-26 19:26:55,758 [INFO] ApplicationProperties:184 - Using Application install path: /home/baramee/st/stm32cubeide_1.14.0/plugins/com.st.stm32cube.common.mx_6.10.0.202311202037
2023-12-26 19:26:55,996 [INFO] MainUpdater:2873 - connection check result : 10
2023-12-26 19:26:55,997 [INFO] MainUpdater:290 - Updater Check For Update Now.
2023-12-26 19:26:55,997 [INFO] MicroXplorer:498 - Change Database Version : DB.6.0.100
2023-12-26 19:26:56,002 [INFO] McuFinderGlobals:63 - Set McuFinder mode to 2 (CubeIDE integrated)
2023-12-26 19:26:56,215 [INFO] CheckServerUpdateThread:120 - End of CheckServer Thread
2023-12-26 19:26:56,233 [INFO] UserAuth:404 - Internet connection configuration mode: 1
2023-12-26 19:26:56,240 [INFO] JxBrowserEngine:152 - Initiate JxBrowser Engine with user profile folder
2023-12-26 19:26:56,627 [INFO] WebApp:161 - Instantiating new browser for Auth
2023-12-26 19:26:56,988 [INFO] WebApp:780 - Register for checkConnection events
2023-12-26 19:26:56,988 [INFO] WebApp:414 - Apply proxy settings
2023-12-26 19:26:56,988 [INFO] WebApp:499 - Chromium requires no authentication
2023-12-26 19:26:56,992 [INFO] WebApp:442 - Direct internet connection detected
2023-12-26 19:26:57,104 [INFO] WebApp:192 - Starting web application
2023-12-26 19:26:57,105 [INFO] WebApp:544 - Web application path used /home/baramee/st/stm32cubeide_1.14.0/plugins/com.st.stm32cube.common.mx_6.10.0.202311202037/db/plugins/mcufinder/reactClient1/index.html
2023-12-26 19:26:57,921 [WARN] PackLoader:240 - Cannot read IP mode file for STMicroelectronics.X-CUBE-SMBUS.2.1.0
2023-12-26 19:26:57,930 [WARN] PackLoader:240 - Cannot read IP mode file for STMicroelectronics.X-CUBE-TOUCHGFX.4.23.0
2023-12-26 19:26:57,964 [WARN] PackLoader:240 - Cannot read IP mode file for STMicroelectronics.X-CUBE-AZRTOS-F7.1.1.0
2023-12-26 19:26:57,976 [WARN] PackLoader:240 - Cannot read IP mode file for STMicroelectronics.FP-SNS-MOTENV1.4.3.2
2023-12-26 19:26:57,984 [WARN] PackLoader:240 - Cannot read IP mode file for STMicroelectronics.FP-SNS-FLIGHT1.5.0.2
2023-12-26 19:26:57,996 [WARN] PackLoader:240 - Cannot read IP mode file for STMicroelectronics.X-CUBE-DISPLAY.3.0.0
2023-12-26 19:26:58,010 [WARN] PackLoader:240 - Cannot read IP mode file for STMicroelectronics.X-CUBE-BLE1.7.0.0
2023-12-26 19:26:58,018 [WARN] PackLoader:240 - Cannot read IP mode file for emotas.I-CUBE-CANOPEN.1.3.0
2023-12-26 19:26:58,021 [WARN] PackLoader:240 - Cannot read IP mode file for STMicroelectronics.X-CUBE-TOUCHGFX.4.22.1
2023-12-26 19:26:58,027 [WARN] PackLoader:240 - Cannot read IP mode file for STMicroelectronics.FP-SNS-SMARTAG2.1.2.0
2023-12-26 19:26:58,038 [INFO] LogOutputStream:77 - [STDOUT_REDIRECT] 1 : Invalid condition id : UX_CORESTACK_Condition cause : null
2023-12-26 19:26:58,039 [INFO] LogOutputStream:77 - [STDOUT_REDIRECT] 1 : Invalid condition id : UX_CORESTACK_Condition cause : null
2023-12-26 19:26:58,040 [INFO] LogOutputStream:77 - [STDOUT_REDIRECT] 1 : Invalid condition id : UX_CORESTACK_Condition cause : null
2023-12-26 19:26:58,041 [INFO] LogOutputStream:77 - [STDOUT_REDIRECT] 1 : Invalid condition id : UX_CORESTACK_Condition cause : null
2023-12-26 19:26:58,041 [INFO] LogOutputStream:77 - [STDOUT_REDIRECT] 1 : Invalid condition id : UX_CORESTACK_Condition cause : null
2023-12-26 19:26:58,048 [WARN] PackLoader:240 - Cannot read IP mode file for STMicroelectronics.X-CUBE-AZRTOS-WL.2.0.0
2023-12-26 19:26:58,057 [WARN] PackLoader:240 - Cannot read IP mode file for WES.I-CUBE-Cesium.1.3.0
2023-12-26 19:26:58,062 [WARN] PackLoader:240 - Cannot read IP mode file for STMicroelectronics.X-CUBE-BLE2.3.3.0
2023-12-26 19:26:58,068 [WARN] PackLoader:240 - Cannot read IP mode file for STMicroelectronics.X-CUBE-ALGOBUILD.1.3.0
2023-12-26 19:26:58,090 [WARN] PackLoader:240 - Cannot read IP mode file for STMicroelectronics.X-CUBE-AZRTOS-G0.1.1.0
2023-12-26 19:26:58,098 [WARN] PackLoader:240 - Cannot read IP mode file for STMicroelectronics.X-CUBE-NFC4.3.0.0
2023-12-26 19:26:58,117 [WARN] PackLoader:240 - Cannot read IP mode file for STMicroelectronics.X-CUBE-BLEMGR.3.0.0
2023-12-26 19:26:58,124 [WARN] PackLoader:240 - Cannot read IP mode file for STMicroelectronics.FP-ATR-SIGFOX1.3.2.0
2023-12-26 19:26:58,128 [WARN] PackLoader:240 - Cannot read IP mode file for STMicroelectronics.X-CUBE-GNSS1.6.0.0
2023-12-26 19:26:58,147 [WARN] PackLoader:240 - Cannot read IP mode file for STMicroelectronics.X-CUBE-AZRTOS-F4.1.1.0
2023-12-26 19:26:58,154 [WARN] PackLoader:240 - Cannot read IP mode file for wolfSSL.I-CUBE-wolfSSL.5.6.4
2023-12-26 19:26:58,176 [WARN] PackLoader:240 - Cannot read IP mode file for STMicroelectronics.X-CUBE-AZRTOS-L5.2.0.0
2023-12-26 19:26:58,184 [WARN] PackLoader:240 - Cannot read IP mode file for STMicroelectronics.X-CUBE-EEPRMA1.4.2.0
2023-12-26 19:26:58,191 [WARN] PackLoader:240 - Cannot read IP mode file for ITTIA_DB.I-CUBE-ITTIADB.8.8.0
2023-12-26 19:26:58,196 [WARN] PackLoader:240 - Cannot read IP mode file for STMicroelectronics.X-CUBE-NFC7.1.0.1
2023-12-26 19:26:58,203 [WARN] PackLoader:240 - Cannot read IP mode file for STMicroelectronics.X-CUBE-NFC6.3.0.0
2023-12-26 19:26:58,213 [WARN] PackLoader:240 - Cannot read IP mode file for STMicroelectronics.X-CUBE-AI.8.1.0
2023-12-26 19:26:58,244 [WARN] ConditionMgr:438 - getConditionDescription Invalid condition id : LAN8742 Phy interface Condition cause : null
2023-12-26 19:26:58,245 [WARN] PackLoader:240 - Cannot read IP mode file for STMicroelectronics.X-CUBE-AZRTOS-L4.2.0.0
2023-12-26 19:26:58,248 [WARN] ConditionMgr:1039 - genDependencies : Invalid condition id : LAN8742 Phy interface Condition cause : null
2023-12-26 19:26:58,248 [WARN] ConditionMgr:1039 - genDependencies : Invalid condition id : LAN8742 Phy interface Condition cause : null
2023-12-26 19:26:58,249 [WARN] ConditionMgr:1039 - genDependencies : Invalid condition id : LAN8742 Phy interface Condition cause : null
2023-12-26 19:26:58,255 [WARN] PackLoader:240 - Cannot read IP mode file for STMicroelectronics.X-CUBE-SFXS2LP1.4.0.0
2023-12-26 19:26:58,288 [WARN] ConditionMgr:438 - getConditionDescription Invalid condition id : UX DEVICE CLASS RTOS Condition cause : null
2023-12-26 19:26:58,296 [WARN] ConditionMgr:438 - getConditionDescription Invalid condition id : UX DEVICE CLASS RTOS Condition cause : null
2023-12-26 19:26:58,299 [WARN] PackLoader:240 - Cannot read IP mode file for STMicroelectronics.X-CUBE-AZRTOS-WB.2.0.0
2023-12-26 19:26:58,299 [WARN] ConditionMgr:1039 - genDependencies : Invalid condition id : UX DEVICE CLASS RTOS Condition cause : null
2023-12-26 19:26:58,299 [WARN] ConditionMgr:1039 - genDependencies : Invalid condition id : UX DEVICE CLASS RTOS Condition cause : null
2023-12-26 19:26:58,300 [WARN] ConditionMgr:1039 - genDependencies : Invalid condition id : UX DEVICE CLASS RTOS Condition cause : null
2023-12-26 19:26:58,300 [WARN] ConditionMgr:1039 - genDependencies : Invalid condition id : UX DEVICE CLASS RTOS Condition cause : null
2023-12-26 19:26:58,300 [WARN] ConditionMgr:1039 - genDependencies : Invalid condition id : UX DEVICE CLASS RTOS Condition cause : null
2023-12-26 19:26:58,321 [WARN] PackLoader:240 - Cannot read IP mode file for STMicroelectronics.X-CUBE-SUBG2.5.0.0
2023-12-26 19:26:58,358 [WARN] PackLoader:240 - Cannot read IP mode file for STMicroelectronics.X-CUBE-AZRTOS-G4.2.0.0
2023-12-26 19:26:58,389 [WARN] PackLoader:240 - Cannot read IP mode file for Infineon.AIROC-Wi-Fi-Bluetooth-STM32.1.5.1
2023-12-26 19:26:58,401 [WARN] PackLoader:240 - Cannot read IP mode file for STMicroelectronics.FP-SNS-MOTENVWB1.1.3.1
2023-12-26 19:26:58,405 [WARN] PackLoader:240 - Cannot read IP mode file for STMicroelectronics.X-CUBE-ISPU.2.0.0
2023-12-26 19:26:58,459 [WARN] PackLoader:240 - Cannot read IP mode file for STMicroelectronics.X-CUBE-MEMS1.10.0.0
2023-12-26 19:26:58,642 [WARN] PackLoader:240 - Cannot read IP mode file for STMicroelectronics.X-CUBE-FREERTOS.1.1.0
2023-12-26 19:26:58,648 [WARN] PackLoader:240 - Cannot read IP mode file for portGmbH.I-Cube-SoM-uGOAL.1.1.0
2023-12-26 19:26:58,654 [WARN] PackLoader:240 - Cannot read IP mode file for STMicroelectronics.X-CUBE-ALS.1.0.1
2023-12-26 19:26:58,661 [WARN] PackLoader:240 - Cannot read IP mode file for STMicroelectronics.FP-ATR-ASTRA1.2.0.0
2023-12-26 19:26:58,672 [WARN] PackLoader:240 - Cannot read IP mode file for STMicroelectronics.X-CUBE-TOF1.3.4.0
2023-12-26 19:26:58,711 [WARN] PackLoader:240 - Cannot read IP mode file for STMicroelectronics.X-CUBE-AZRTOS-H7.3.2.0
2023-12-26 19:26:58,714 [INFO] ThirdParty:978 - Integrity check success = true
2023-12-26 19:26:58,714 [INFO] IntegrityCheckThread:100 - exiting critical section [integrity check]
2023-12-26 19:26:58,714 [INFO] IntegrityCheckThread:103 - End integrity checks thread
2023-12-26 19:27:17,767 [ERROR] LogOutputStream:75 - [STDERR_REDIRECT] SLF4J: Failed to load class "org.slf4j.impl.StaticLoggerBinder".
2023-12-26 19:27:17,768 [ERROR] LogOutputStream:75 - [STDERR_REDIRECT] SLF4J: Defaulting to no-operation (NOP) logger implementation
2023-12-26 19:27:17,768 [ERROR] LogOutputStream:75 - [STDERR_REDIRECT] SLF4J: See http://www.slf4j.org/codes.html#StaticLoggerBinder for further details.
2023-12-26 19:28:22,706 [ERROR] LogOutputStream:75 - [STDERR_REDIRECT] 
